<?xml version="1.0" encoding="UTF-8"?>
<!-- Generated by org.testng.reporters.JUnitReportReporter -->
<testsuite name="pack.Demo123" tests="1" time="12.851" ignored="0" failures="0" timestamp="20 Nov 2019 21:12:33 GMT" skipped="0" hostname="venkataswami-PC" errors="0">
  <testcase name="login" time="12.851" classname="pack.Demo123"/>
</testsuite> <!-- pack.Demo123 -->
